<?xml version="1.0" encoding="UTF-8"?>
<!-- Generated by org.testng.reporters.JUnitReportReporter -->
<testsuite hostname="DESKTOP-NCJFEBV" failures="0" tests="5" name="com.helper.screenshot.TestSpringer" time="3.868" errors="0" timestamp="2022-11-11T21:02:11 IST" skipped="0">
  <testcase classname="com.helper.screenshot.TestSpringer" name="verifySearchButtonIsEnabledTest" time="0.295"/>
  <system-out/>
  <testcase classname="com.helper.screenshot.TestSpringer" name="verifyPageTitleTest" time="0.109"/>
  <system-out/>
  <testcase classname="com.helper.screenshot.TestSpringer" name="verifyLogo" time="0.249"/>
  <system-out/>
  <testcase classname="com.helper.screenshot.TestSpringer" name="verifySearchButtonIsVisisbleTest" time="0.091"/>
  <system-out/>
  <testcase classname="com.helper.screenshot.TestSpringer" name="verifySearchClickTest" time="3.124"/>
  <system-out/>
</testsuite> <!-- com.helper.screenshot.TestSpringer -->
