<?xml version="1.0" encoding="UTF-8"?>
<!-- Generated by org.testng.reporters.JUnitReportReporter -->
<testsuite hostname="DESKTOP-NCJFEBV" failures="0" tests="5" name="com.helper.screenshot.ScreenShot" time="2.675" errors="0" timestamp="2022-11-11T20:25:44 IST" skipped="0">
  <testcase classname="com.helper.screenshot.ScreenShot" name="verifySearchButtonIsEnabledTest" time="0.082"/>
  <system-out/>
  <testcase classname="com.helper.screenshot.ScreenShot" name="verifyPageTitleTest" time="0.028"/>
  <system-out/>
  <testcase classname="com.helper.screenshot.ScreenShot" name="verifyLogo" time="0.147"/>
  <system-out/>
  <testcase classname="com.helper.screenshot.ScreenShot" name="verifySearchButtonIsVisisbleTest" time="0.095"/>
  <system-out/>
  <testcase classname="com.helper.screenshot.ScreenShot" name="verifySearchClickTest" time="2.323"/>
  <system-out/>
</testsuite> <!-- com.helper.screenshot.ScreenShot -->
