<?xml version="1.0" encoding="UTF-8"?>
<!-- Generated by org.testng.reporters.JUnitReportReporter -->
<testsuite hostname="DESKTOP-NCJFEBV" failures="0" tests="5" name="com.helper.screenshot.TestSpringer" time="3.573" errors="0" timestamp="2022-11-11T21:49:13 IST" skipped="0">
  <testcase classname="com.helper.screenshot.TestSpringer" name="verifySearchButtonIsEnabledTest" time="0.164"/>
  <system-out/>
  <testcase classname="com.helper.screenshot.TestSpringer" name="verifyPageTitleTest" time="0.025"/>
  <system-out/>
  <testcase classname="com.helper.screenshot.TestSpringer" name="verifyLogo" time="0.425"/>
  <system-out/>
  <testcase classname="com.helper.screenshot.TestSpringer" name="verifySearchButtonIsVisisbleTest" time="0.105"/>
  <system-out/>
  <testcase classname="com.helper.screenshot.TestSpringer" name="verifySearchClickTest" time="2.854"/>
  <system-out/>
</testsuite> <!-- com.helper.screenshot.TestSpringer -->
